Solid Edge Translation to STL
Date: sábado,junio 28,2025 10:48p. m.
Source File:C:\Users\amose\Desktop\DIBUJO CARCASA\abajo.par
Source System: SOLID EDGE

Hardware:
Processor: AMD Ryzen 3 PRO 2200G with Radeon Vega Graphics
Operating System: Windows 10 Professional
Installed Memory: 6.92 GB

Software Information:
Parasolid Version: 37.0.118
PSBodyshop Version: 37.0.94
STL Adapter Version: 15.0.142
Solid Edge Version: 225.00.01.004 x64

STL Export Options:
Output File Format:BINARY
Export Displayed Parts:Off
structureOption: Monolithic
Export Units:Inch
Export Tolerance Value:0.050000
Export Tolerance Type:Custom
Export Surface Plane Angle Value:0.523599

Translation progress:
Translation process completed
Time required to translate:00 : 00 : 01
